[    0.000000] Initializing cgroup subsys cpuset
[    0.000000] Initializing cgroup subsys cpu
[    0.000000] Initializing cgroup subsys cpuacct
[    0.000000] Linux version 4.4.0-142-generic (buildd@lgw01-amd64-033) (gcc version 5.4.0 20160609 (Ubuntu 5.4.0-6ubuntu1~16.04.10) ) #168-Ubuntu SMP Wed Jan 16 21:00:45 UTC 2019 (Ubuntu 4.4.0-142.168-generic 4.4.167)
[    0.000000] Command line: BOOT_IMAGE=/boot/vmlinuz-4.4.0-142-generic root=LABEL=cloudimg-rootfs ro console=tty1 console=ttyS0
[    0.000000] KERNEL supported cpus:
[    0.000000]   Intel GenuineIntel
[    0.000000]   AMD AuthenticAMD
[    0.000000]   Centaur CentaurHauls
[    0.000000] x86/fpu: xstate_offset[2]:  576, xstate_sizes[2]:  256
[    0.000000] x86/fpu: Supporting XSAVE feature 0x01: 'x87 floating point registers'
[    0.000000] x86/fpu: Supporting XSAVE feature 0x02: 'SSE registers'
[    0.000000] x86/fpu: Supporting XSAVE feature 0x04: 'AVX registers'
[    0.000000] x86/fpu: Enabled xstate features 0x7, context size is 832 bytes, using 'standard' format.
[    0.000000] e820: BIOS-provided physical RAM map:
[    0.000000] BIOS-e820: [mem 0x0000000000000000-0x000000000009fbff] usable
[    0.000000] BIOS-e820: [mem 0x000000000009fc00-0x000000000009ffff] reserved
[    0.000000] BIOS-e820: [mem 0x00000000000f0000-0x00000000000fffff] reserved
[    0.000000] BIOS-e820: [mem 0x0000000000100000-0x000000003ffeffff] usable
[    0.000000] BIOS-e820: [mem 0x000000003fff0000-0x000000003fffffff] ACPI data
[    0.000000] BIOS-e820: [mem 0x00000000fec00000-0x00000000fec00fff] reserved
[    0.000000] BIOS-e820: [mem 0x00000000fee00000-0x00000000fee00fff] reserved
[    0.000000] BIOS-e820: [mem 0x00000000fffc0000-0x00000000ffffffff] reserved
[    0.000000] NX (Execute Disable) protection: active
[    0.000000] SMBIOS 2.5 present.
[    0.000000] Hypervisor detected: KVM
[    0.000000] e820: last_pfn = 0x3fff0 max_arch_pfn = 0x400000000
[    0.000000] MTRR: Disabled
[    0.000000] x86/PAT: MTRRs disabled, skipping PAT initialization too.
[    0.000000] CPU MTRRs all blank - virtualized system.
[    0.000000] x86/PAT: Configuration [0-7]: WB  WT  UC- UC  WB  WT  UC- UC  
[    0.000000] found SMP MP-table at [mem 0x0009fff0-0x0009ffff] mapped at [ffff88000009fff0]
[    0.000000] Scanning 1 areas for low memory corruption
[    0.000000] RAMDISK: [mem 0x36306000-0x3717afff]
[    0.000000] ACPI: Early table checksum verification disabled
[    0.000000] ACPI: RSDP 0x00000000000E0000 000024 (v02 VBOX  )
[    0.000000] ACPI: XSDT 0x000000003FFF0030 00003C (v01 VBOX   VBOXXSDT 00000001 ASL  00000061)
[    0.000000] ACPI: FACP 0x000000003FFF00F0 0000F4 (v04 VBOX   VBOXFACP 00000001 ASL  00000061)
[    0.000000] ACPI: DSDT 0x000000003FFF0470 0022EA (v02 VBOX   VBOXBIOS 00000002 INTL 20100528)
[    0.000000] ACPI: FACS 0x000000003FFF0200 000040
[    0.000000] ACPI: FACS 0x000000003FFF0200 000040
[    0.000000] ACPI: APIC 0x000000003FFF0240 00005C (v02 VBOX   VBOXAPIC 00000001 ASL  00000061)
[    0.000000] ACPI: SSDT 0x000000003FFF02A0 0001CC (v01 VBOX   VBOXCPUT 00000002 INTL 20100528)
[    0.000000] No NUMA configuration found
[    0.000000] Faking a node at [mem 0x0000000000000000-0x000000003ffeffff]
[    0.000000] NODE_DATA(0) allocated [mem 0x3ffeb000-0x3ffeffff]
[    0.000000] kvm-clock: Using msrs 4b564d01 and 4b564d00
[    0.000000] kvm-clock: cpu 0, msr 0:3ffe3001, primary cpu clock
[    0.000000] kvm-clock: using sched offset of 4084519361 cycles
[    0.000000] clocksource: kvm-clock: mask: 0xffffffffffffffff max_cycles: 0x1cd42e4dffb, max_idle_ns: 881590591483 ns
[    0.000000] Zone ranges:
[    0.000000]   DMA      [mem 0x0000000000001000-0x0000000000ffffff]
[    0.000000]   DMA32    [mem 0x0000000001000000-0x000000003ffeffff]
[    0.000000]   Normal   empty
[    0.000000]   Device   empty
[    0.000000] Movable zone start for each node
[    0.000000] Early memory node ranges
[    0.000000]   node   0: [mem 0x0000000000001000-0x000000000009efff]
[    0.000000]   node   0: [mem 0x0000000000100000-0x000000003ffeffff]
[    0.000000] Initmem setup node 0 [mem 0x0000000000001000-0x000000003ffeffff]
[    0.000000] ACPI: PM-Timer IO Port: 0x4008
[    0.000000] IOAPIC[0]: apic_id 2, version 32, address 0xfec00000, GSI 0-23
[    0.000000] ACPI: INT_SRC_OVR (bus 0 bus_irq 0 global_irq 2 dfl dfl)
[    0.000000] ACPI: INT_SRC_OVR (bus 0 bus_irq 9 global_irq 9 low level)
[    0.000000] Using ACPI (MADT) for SMP configuration information
[    0.000000] smpboot: Allowing 2 CPUs, 0 hotplug CPUs
[    0.000000] PM: Registered nosave memory: [mem 0x00000000-0x00000fff]
[    0.000000] PM: Registered nosave memory: [mem 0x0009f000-0x0009ffff]
[    0.000000] PM: Registered nosave memory: [mem 0x000a0000-0x000effff]
[    0.000000] PM: Registered nosave memory: [mem 0x000f0000-0x000fffff]
[    0.000000] e820: [mem 0x40000000-0xfebfffff] available for PCI devices
[    0.000000] Booting paravirtualized kernel on KVM
[    0.000000] clocksource: refined-jiffies: mask: 0xffffffff max_cycles: 0xffffffff, max_idle_ns: 7645519600211568 ns
[    0.000000] setup_percpu: NR_CPUS:512 nr_cpumask_bits:512 nr_cpu_ids:2 nr_node_ids:1
[    0.000000] PERCPU: Embedded 34 pages/cpu @ffff88003fc00000 s99480 r8192 d31592 u1048576
[    0.000000] Built 1 zonelists in Node order, mobility grouping on.  Total pages: 257912
[    0.000000] Policy zone: DMA32
[    0.000000] Kernel command line: BOOT_IMAGE=/boot/vmlinuz-4.4.0-142-generic root=LABEL=cloudimg-rootfs ro console=tty1 console=ttyS0
[    0.000000] PID hash table entries: 4096 (order: 3, 32768 bytes)
[    0.000000] Memory: 997728K/1048120K available (8603K kernel code, 1332K rwdata, 4004K rodata, 1484K init, 1316K bss, 50392K reserved, 0K cma-reserved)
[    0.000000] SLUB: HWalign=64, Order=0-3, MinObjects=0, CPUs=2, Nodes=1
[    0.000000] Kernel/User page tables isolation: enabled
[    0.000000] Hierarchical RCU implementation.
[    0.000000] 	Build-time adjustment of leaf fanout to 64.
[    0.000000] 	RCU restricting CPUs from NR_CPUS=512 to nr_cpu_ids=2.
[    0.000000] RCU: Adjusting geometry for rcu_fanout_leaf=64, nr_cpu_ids=2
[    0.000000] NR_IRQS:33024 nr_irqs:440 16
[    0.000000] Console: colour VGA+ 80x25
[    0.000000] console [tty1] enabled
[    0.000000] console [ttyS0] enabled
[    0.000000] tsc: Detected 2693.886 MHz processor
[    0.314885] Calibrating delay loop (skipped) preset value.. 5387.77 BogoMIPS (lpj=10775544)
[    0.318673] pid_max: default: 32768 minimum: 301
[    0.320580] ACPI: Core revision 20150930
[    0.326865] ACPI: 2 ACPI AML tables successfully acquired and loaded
[    0.329577] Security Framework initialized
[    0.331681] Yama: becoming mindful.
[    0.333720] AppArmor: AppArmor initialized
[    0.336103] Dentry cache hash table entries: 131072 (order: 8, 1048576 bytes)
[    0.341194] Inode-cache hash table entries: 65536 (order: 7, 524288 bytes)
[    0.344801] Mount-cache hash table entries: 2048 (order: 2, 16384 bytes)
[    0.347999] Mountpoint-cache hash table entries: 2048 (order: 2, 16384 bytes)
[    0.351739] Initializing cgroup subsys io
[    0.354073] Initializing cgroup subsys memory
[    0.356113] Initializing cgroup subsys devices
[    0.358042] Initializing cgroup subsys freezer
[    0.359941] Initializing cgroup subsys net_cls
[    0.361829] Initializing cgroup subsys perf_event
[    0.363916] Initializing cgroup subsys net_prio
[    0.365947] Initializing cgroup subsys hugetlb
[    0.367951] Initializing cgroup subsys pids
[    0.370312] mce: CPU supports 0 MCE banks
[    0.372076] Last level iTLB entries: 4KB 512, 2MB 8, 4MB 8
[    0.374281] Last level dTLB entries: 4KB 512, 2MB 32, 4MB 32, 1GB 0
[    0.376631] Spectre V2 : Mitigation: Full generic retpoline
[    0.378871] Spectre V2 : Spectre v2 / SpectreRSB mitigation: Filling RSB on context switch
[    0.382350] Speculative Store Bypass: Vulnerable
[    0.390247] Freeing SMP alternatives memory: 32K
[    0.403836] ftrace: allocating 32277 entries in 127 pages
[    0.525818] smpboot: APIC(0) Converting physical 0 to logical package 0
[    0.528451] smpboot: Max logical packages: 1
[    0.531022] x2apic enabled
[    0.533174] Switched APIC routing to physical x2apic.
[    0.537884] ..TIMER: vector=0x30 apic1=0 pin1=2 apic2=-1 pin2=-1
[    0.645321] smpboot: CPU0: Intel(R) Core(TM) i7-3740QM CPU @ 2.70GHz (family: 0x6, model: 0x3a, stepping: 0x9)
[    0.649860] Performance Events: unsupported p6 CPU model 58 no PMU driver, software events only.
[    0.670116] KVM setup paravirtual spinlock
[    0.672817] x86: Booting SMP configuration:
[    0.674581] .... node  #0, CPUs:      #1
[    0.676106] kvm-clock: cpu 1, msr 0:3ffe3041, secondary cpu clock
[    0.677971] mce: CPU supports 0 MCE banks
[    0.680946] x86: Booted up 1 node, 2 CPUs
[    0.683184] smpboot: Total of 2 processors activated (10775.54 BogoMIPS)
[    0.686413] devtmpfs: initialized
[    0.700134] evm: security.selinux
[    0.701656] evm: security.SMACK64
[    0.703251] evm: security.SMACK64EXEC
[    0.705011] evm: security.SMACK64TRANSMUTE
[    0.706904] evm: security.SMACK64MMAP
[    0.708616] evm: security.ima
[    0.710165] evm: security.capability
[    0.712242] clocksource: jiffies: mask: 0xffffffff max_cycles: 0xffffffff, max_idle_ns: 7645041785100000 ns
[    0.716112] futex hash table entries: 512 (order: 3, 32768 bytes)
[    0.718610] pinctrl core: initialized pinctrl subsystem
[    0.720793] RTC time:  1:56:55, date: 10/21/19
[    0.722897] NET: Registered protocol family 16
[    0.734170] cpuidle: using governor ladder
[    0.744943] cpuidle: using governor menu
[    0.746761] PCCT header not found.
[    0.748525] ACPI: bus type PCI registered
[    0.750306] acpiphp: ACPI Hot Plug PCI Controller Driver version: 0.5
[    0.753035] PCI: Using configuration type 1 for base access
[    0.770377] ACPI: Added _OSI(Module Device)
[    0.772171] ACPI: Added _OSI(Processor Device)
[    0.774024] ACPI: Added _OSI(3.0 _SCP Extensions)
[    0.775916] ACPI: Added _OSI(Processor Aggregator Device)
[    0.779564] ACPI: Executed 1 blocks of module-level executable AML code
[    0.787911] ACPI: Interpreter enabled
[    0.789730] ACPI: (supports S0 S5)
[    0.791396] ACPI: Using IOAPIC for interrupt routing
[    0.794004] PCI: Using host bridge windows from ACPI; if necessary, use "pci=nocrs" and report a bug
[    0.806883] ACPI: PCI Root Bridge [PCI0] (domain 0000 [bus 00-ff])
[    0.809352] acpi PNP0A03:00: _OSC: OS supports [ASPM ClockPM Segments MSI]
[    0.812937] acpi PNP0A03:00: _OSC: not requesting OS control; OS requires [ExtendedConfig ASPM ClockPM MSI]
[    0.816958] acpi PNP0A03:00: fail to add MMCONFIG information, can't access extended PCI configuration space under this bridge.
[    0.822164] PCI host bridge to bus 0000:00
[    0.823935] pci_bus 0000:00: root bus resource [io  0x0000-0x0cf7 window]
[    0.826555] pci_bus 0000:00: root bus resource [io  0x0d00-0xffff window]
[    0.829035] pci_bus 0000:00: root bus resource [mem 0x000a0000-0x000bffff window]
[    0.832156] pci_bus 0000:00: root bus resource [mem 0x40000000-0xfdffffff window]
[    0.835543] pci_bus 0000:00: root bus resource [bus 00-ff]
[    0.840952] pci 0000:00:01.1: legacy IDE quirk: reg 0x10: [io  0x01f0-0x01f7]
[    0.843743] pci 0000:00:01.1: legacy IDE quirk: reg 0x14: [io  0x03f6]
[    0.846494] pci 0000:00:01.1: legacy IDE quirk: reg 0x18: [io  0x0170-0x0177]
[    0.849216] pci 0000:00:01.1: legacy IDE quirk: reg 0x1c: [io  0x0376]
[    0.870539] pci 0000:00:07.0: quirk: [io  0x4000-0x403f] claimed by PIIX4 ACPI
[    0.874173] pci 0000:00:07.0: quirk: [io  0x4100-0x410f] claimed by PIIX4 SMB
[    0.916023] ACPI: PCI Interrupt Link [LNKA] (IRQs 5 9 10 *11)
[    0.919865] ACPI: PCI Interrupt Link [LNKB] (IRQs 5 9 *10 11)
[    0.923100] ACPI: PCI Interrupt Link [LNKC] (IRQs 5 *9 10 11)
[    0.926387] ACPI: PCI Interrupt Link [LNKD] (IRQs 5 9 10 *11)
[    0.929479] ACPI: Enabled 2 GPEs in block 00 to 07
[    0.932197] vgaarb: setting as boot device: PCI:0000:00:02.0
[    0.934586] vgaarb: device added: PCI:0000:00:02.0,decodes=io+mem,owns=io+mem,locks=none
[    0.938027] vgaarb: loaded
[    0.939417] vgaarb: bridge control possible 0000:00:02.0
[    0.942254] SCSI subsystem initialized
[    0.944107] ACPI: bus type USB registered
[    0.945805] usbcore: registered new interface driver usbfs
[    0.947871] usbcore: registered new interface driver hub
[    0.950035] usbcore: registered new device driver usb
[    0.953791] PCI: Using ACPI for IRQ routing
[    0.956047] NetLabel: Initializing
[    0.957561] NetLabel:  domain hash size = 128
[    0.959308] NetLabel:  protocols = UNLABELED CIPSOv4
[    0.961227] NetLabel:  unlabeled traffic allowed by default
[    0.963786] amd_nb: Cannot enumerate AMD northbridges
[    0.965969] clocksource: Switched to clocksource kvm-clock
[    0.984841] AppArmor: AppArmor Filesystem Enabled
[    0.987174] pnp: PnP ACPI init
[    0.990458] pnp: PnP ACPI: found 3 devices
[    1.003717] clocksource: acpi_pm: mask: 0xffffff max_cycles: 0xffffff, max_idle_ns: 2085701024 ns
[    1.007541] NET: Registered protocol family 2
[    1.009659] TCP established hash table entries: 8192 (order: 4, 65536 bytes)
[    1.012443] TCP bind hash table entries: 8192 (order: 5, 131072 bytes)
[    1.015017] TCP: Hash tables configured (established 8192 bind 8192)
[    1.017434] UDP hash table entries: 512 (order: 2, 16384 bytes)
[    1.019645] UDP-Lite hash table entries: 512 (order: 2, 16384 bytes)
[    1.022049] NET: Registered protocol family 1
[    1.023861] pci 0000:00:00.0: Limiting direct PCI/PCI transfers
[    1.026090] pci 0000:00:01.0: Activating ISA DMA hang workarounds
[    1.028600] Unpacking initramfs...
[    1.487487] Freeing initrd memory: 14804K
[    1.489464] RAPL PMU detected, API unit is 2^-32 Joules, 3 fixed counters 10737418240 ms ovfl timer
[    1.493463] hw unit of domain pp0-core 2^-0 Joules
[    1.495484] hw unit of domain package 2^-0 Joules
[    1.497339] hw unit of domain pp1-gpu 2^-0 Joules
[    1.499359] platform rtc_cmos: registered platform RTC device (no PNP device found)
[    1.502734] Scanning for low memory corruption every 60 seconds
[    1.505769] audit: initializing netlink subsys (disabled)
[    1.508032] audit: type=2000 audit(1571623021.248:1): initialized
[    1.510916] Initialise system trusted keyring
[    1.513224] HugeTLB registered 2 MB page size, pre-allocated 0 pages
[    1.519261] zbud: loaded
[    1.521213] VFS: Disk quotas dquot_6.6.0
[    1.523250] VFS: Dquot-cache hash table entries: 512 (order 0, 4096 bytes)
[    1.526757] squashfs: version 4.0 (2009/01/31) Phillip Lougher
[    1.529794] fuse init (API version 7.23)
[    1.531864] Key type big_key registered
[    1.533746] Allocating IMA MOK and blacklist keyrings.
[    1.537048] Key type asymmetric registered
[    1.538904] Asymmetric key parser 'x509' registered
[    1.541088] Block layer SCSI generic (bsg) driver version 0.4 loaded (major 249)
[    1.544504] io scheduler noop registered
[    1.546219] io scheduler deadline registered (default)
[    1.548394] io scheduler cfq registered
[    1.550307] pci_hotplug: PCI Hot Plug PCI Core version: 0.5
[    1.552638] pciehp: PCI Express Hot Plug Controller Driver version: 0.4
[    1.555440] ACPI: AC Adapter [AC] (on-line)
[    1.557299] input: Power Button as /devices/LNXSYSTM:00/LNXPWRBN:00/input/input0
[    1.560733] ACPI: Power Button [PWRF]
[    1.562518] input: Sleep Button as /devices/LNXSYSTM:00/LNXSLPBN:00/input/input1
[    1.565769] ACPI: Sleep Button [SLPF]
[    1.567875] GHES: HEST is not enabled!
[    1.570987] ACPI: Battery Slot [BAT0] (battery present)
[    1.573123] Serial: 8250/16550 driver, 32 ports, IRQ sharing enabled
[    1.596797] 00:02: ttyS0 at I/O 0x3f8 (irq = 4, base_baud = 115200) is a 16550A
[    1.602546] Linux agpgart interface v0.103
[    1.606640] loop: module loaded
[    1.609203] scsi host0: ata_piix
[    1.610881] scsi host1: ata_piix
[    1.612481] ata1: PATA max UDMA/33 cmd 0x1f0 ctl 0x3f6 bmdma 0xd000 irq 14
[    1.615163] ata2: PATA max UDMA/33 cmd 0x170 ctl 0x376 bmdma 0xd008 irq 15
[    1.618325] libphy: Fixed MDIO Bus: probed
[    1.620117] tun: Universal TUN/TAP device driver, 1.6
[    1.622173] tun: (C) 1999-2004 Max Krasnyansky <maxk@qualcomm.com>
[    1.624761] PPP generic driver version 2.4.2
[    1.626856] ehci_hcd: USB 2.0 'Enhanced' Host Controller (EHCI) Driver
[    1.629194] ehci-pci: EHCI PCI platform driver
[    1.631101] ehci-platform: EHCI generic platform driver
[    1.633180] ohci_hcd: USB 1.1 'Open' Host Controller (OHCI) Driver
[    1.635569] ohci-pci: OHCI PCI platform driver
[    1.637396] ohci-platform: OHCI generic platform driver
[    1.639671] uhci_hcd: USB Universal Host Controller Interface driver
[    1.642413] i8042: PNP: PS/2 Controller [PNP0303:PS2K,PNP0f03:PS2M] at 0x60,0x64 irq 1,12
[    1.646935] serio: i8042 KBD port at 0x60,0x64 irq 1
[    1.649024] serio: i8042 AUX port at 0x60,0x64 irq 12
[    1.651147] mousedev: PS/2 mouse device common for all mice
[    1.654178] rtc_cmos rtc_cmos: rtc core: registered rtc_cmos as rtc0
[    1.656864] input: AT Translated Set 2 keyboard as /devices/platform/i8042/serio0/input/input2
[    1.660565] rtc_cmos rtc_cmos: alarms up to one day, 114 bytes nvram
[    1.663050] i2c /dev entries driver
[    1.664716] device-mapper: uevent: version 1.0.3
[    1.666747] device-mapper: ioctl: 4.34.0-ioctl (2015-10-28) initialised: dm-devel@redhat.com
[    1.670151] ledtrig-cpu: registered to indicate activity on CPUs
[    1.673200] NET: Registered protocol family 10
[    1.675355] NET: Registered protocol family 17
[    1.677157] Key type dns_resolver registered
[    1.679736] registered taskstats version 1
[    1.681454] Loading compiled-in X.509 certificates
[    1.684340] Loaded X.509 cert 'Build time autogenerated kernel key: bff73e56bc0efa7435b2a24f5427674623f1be80'
[    1.688516] zswap: loaded using pool lzo/zbud
[    1.693356] Key type trusted registered
[    1.700491] Key type encrypted registered
[    1.702469] AppArmor: AppArmor sha1 policy hashing enabled
[    1.704638] ima: No TPM chip found, activating TPM-bypass!
[    1.706960] ima: Allocated hash algorithm: sha1
[    1.708857] evm: HMAC attrs: 0x1
[    1.711111]   Magic number: 7:596:913
[    1.713001] rtc_cmos rtc_cmos: setting system clock to 2019-10-21 01:56:56 UTC (1571623016)
[    1.716732] BIOS EDD facility v0.16 2004-Jun-25, 0 devices found
[    1.719532] EDD information not available.
[    1.779286] Freeing unused kernel memory: 1484K
[    1.781342] Write protecting the kernel read-only data: 14336k
[    1.784827] Freeing unused kernel memory: 1624K
[    1.787275] Freeing unused kernel memory: 92K
Loading, please wait...
starting version 229
[    1.809331] random: systemd-udevd: uninitialized urandom read (16 bytes read, 2 bits of entropy available)
[    1.810420] random: udevadm: uninitialized urandom read (16 bytes read, 2 bits of entropy available)
[    1.810447] random: udevadm: uninitialized urandom read (16 bytes read, 2 bits of entropy available)
[    1.822062] random: systemd-udevd: uninitialized urandom read (16 bytes read, 2 bits of entropy available)
[    1.826401] random: systemd-udevd: uninitialized urandom read (16 bytes read, 2 bits of entropy available)
[    1.828209] random: udevadm: uninitialized urandom read (16 bytes read, 2 bits of entropy available)
[    1.828284] random: udevadm: uninitialized urandom read (16 bytes read, 2 bits of entropy available)
[    1.828590] random: udevadm: uninitialized urandom read (16 bytes read, 2 bits of entropy available)
[    1.828690] random: udevadm: uninitialized urandom read (16 bytes read, 2 bits of entropy available)
[    1.828788] random: udevadm: uninitialized urandom read (16 bytes read, 2 bits of entropy available)
[    1.902702] Fusion MPT base driver 3.04.20
[    1.904514] Copyright (c) 1999-2008 LSI Corporation
[    1.906910] e1000: Intel(R) PRO/1000 Network Driver - version 7.3.21-k8-NAPI
[    1.909514] e1000: Copyright (c) 1999-2006 Intel Corporation.
[    1.922951] Fusion MPT SPI Host driver 3.04.20
[    1.979217] AVX version of gcm_enc/dec engaged.
[    1.981489] AES CTR mode by8 optimization enabled
[    2.122713] input: ImExPS/2 Generic Explorer Mouse as /devices/platform/i8042/serio1/input/input4
[    2.385311] e1000 0000:00:03.0 eth0: (PCI:33MHz:32-bit) 02:82:01:2e:28:d8
[    2.388068] e1000 0000:00:03.0 eth0: Intel(R) PRO/1000 Network Connection
[    2.498060] tsc: Refined TSC clocksource calibration: 2692.885 MHz
[    2.501364] clocksource: tsc: mask: 0xffffffffffffffff max_cycles: 0x26d0fd36441, max_idle_ns: 440795217882 ns
[    2.936001] e1000 0000:00:08.0 eth1: (PCI:33MHz:32-bit) 08:00:27:9e:22:b9
[    2.938776] e1000 0000:00:08.0 eth1: Intel(R) PRO/1000 Network Connection
[    2.944088] e1000 0000:00:08.0 enp0s8: renamed from eth1
[    2.946551] mptbase: ioc0: Initiating bringup
[    2.962403] e1000 0000:00:03.0 enp0s3: renamed from eth0
[    3.014564] ioc0: LSI53C1030 A0: Capabilities={Initiator}
[    3.177700] scsi host2: ioc0: LSI53C1030 A0, FwRev=00000000h, Ports=1, MaxQ=256, IRQ=20
[    3.290750] scsi 2:0:0:0: Direct-Access     VBOX     HARDDISK         1.0  PQ: 0 ANSI: 5
[    3.294480] scsi target2:0:0: Beginning Domain Validation
[    3.298716] scsi target2:0:0: Domain Validation skipping write tests
[    3.301023] scsi target2:0:0: Ending Domain Validation
[    3.303318] scsi target2:0:0: asynchronous
[    3.334851] scsi 2:0:1:0: Direct-Access     VBOX     HARDDISK         1.0  PQ: 0 ANSI: 5
[    3.338446] scsi target2:0:1: Beginning Domain Validation
[    3.342887] scsi target2:0:1: Domain Validation skipping write tests
[    3.345231] scsi target2:0:1: Ending Domain Validation
[    3.347352] scsi target2:0:1: asynchronous
[    3.357544] sd 2:0:0:0: [sda] 20971520 512-byte logical blocks: (10.7 GB/10.0 GiB)
[    3.361047] sd 2:0:0:0: [sda] Write Protect is off
[    3.363065] sd 2:0:0:0: Attached scsi generic sg0 type 0
[    3.365284] sd 2:0:0:0: [sda] Incomplete mode parameter data
[    3.367595] sd 2:0:0:0: [sda] Assuming drive cache: write through
[    3.370342] sd 2:0:1:0: [sdb] 20480 512-byte logical blocks: (10.5 MB/10.0 MiB)
[    3.373746] sd 2:0:1:0: Attached scsi generic sg1 type 0
[    3.376071] sd 2:0:1:0: [sdb] Write Protect is off
[    3.378435] sd 2:0:1:0: [sdb] Incomplete mode parameter data
[    3.380660] sd 2:0:1:0: [sdb] Assuming drive cache: write through
[    3.389179]  sda: sda1
[    3.390859] sd 2:0:1:0: [sdb] Attached SCSI disk
[    3.394027] sd 2:0:0:0: [sda] Attached SCSI disk
Begin: Loading essential drivers ... [    5.338114] md: linear personality registered for level -1
[    5.345289] md: multipath personality registered for level -4
[    5.352042] md: raid0 personality registered for level 0
[    5.362280] md: raid1 personality registered for level 1
[    5.437991] raid6: sse2x1   gen()  2268 MB/s
[    5.506299] raid6: sse2x1   xor()  1602 MB/s
[    5.574634] raid6: sse2x2   gen()  3922 MB/s
[    5.641995] raid6: sse2x2   xor()  2605 MB/s
[    5.710344] raid6: sse2x4   gen()  7068 MB/s
[    5.778684] raid6: sse2x4   xor()  3434 MB/s
[    5.780967] raid6: using algorithm sse2x4 gen() 7068 MB/s
[    5.783951] raid6: .... xor() 3434 MB/s, rmw enabled
[    5.786578] raid6: using ssse3x2 recovery algorithm
[    5.791628] xor: automatically using best checksumming function:
[    5.834290]    avx       : 14898.000 MB/sec
[    5.838457] async_tx: api initialized (async)
[    5.857313] md: raid6 personality registered for level 6
[    5.859532] md: raid5 personality registered for level 5
[    5.861799] md: raid4 personality registered for level 4
[    5.873815] md: raid10 personality registered for level 10
done.
Begin: Running /scripts/init-premount ... done.
Begin: Mounting root file system ... Begin: Running /scripts/local-top ... done.
Begin: Running /scripts/local-premount ... [    5.939487] Btrfs loaded
Scanning for Btrfs filesystems
done.
Warning: fsck not present, so skipping root file system
[    5.983402] EXT4-fs (sda1): mounted filesystem with ordered data mode. Opts: (null)
done.
Begin: Running /scripts/local-bottom ... done.
Begin: Running /scripts/init-bottom ... done.
[    6.132933] systemd[1]: systemd 229 running in system mode. (+PAM +AUDIT +SELINUX +IMA +APPARMOR +SMACK +SYSVINIT +UTMP +LIBCRYPTSETUP +GCRYPT +GNUTLS +ACL +XZ -LZ4 +SECCOMP +BLKID +ELFUTILS +KMOD -IDN)
[    6.141330] systemd[1]: Detected virtualization oracle.
[    6.144240] systemd[1]: Detected architecture x86-64.

Welcome to [1mUbuntu 16.04.5 LTS[0m!

[    6.152464] systemd[1]: Set hostname to <ubuntu>.
[    6.158191] systemd[1]: Initializing machine ID from random generator.
[    6.161515] systemd[1]: Installed transient /etc/machine-id file.
[    6.347559] systemd[1]: Listening on Syslog Socket.
[[0;32m  OK  [0m] Listening on Syslog Socket.
[    6.351873] systemd[1]: Reached target User and Group Name Lookups.
[[0;32m  OK  [0m] Reached target User and Group Name Lookups.
[    6.357114] systemd[1]: Listening on Device-mapper event daemon FIFOs.
[[0;32m  OK  [0m] Listening on Device-mapper event daemon FIFOs.
[    6.361902] systemd[1]: Listening on Journal Audit Socket.
[[0;32m  OK  [0m] Listening on Journal Audit Socket.
[    6.366627] systemd[1]: Listening on udev Control Socket.
[[0;32m  OK  [0m] Listening on udev Control Socket.
[    6.370579] systemd[1]: Listening on LVM2 metadata daemon socket.
[[0;32m  OK  [0m] Listening on LVM2 metadata daemon socket.
[    6.375032] systemd[1]: Started Trigger resolvconf update for networkd DNS.
[[0;32m  OK  [0m] Started Trigger resolvconf update for networkd DNS.
[    6.380803] systemd[1]: Listening on Journal Socket (/dev/log).
[[0;32m  OK  [0m] Listening on Journal Socket (/dev/log).
[    6.385836] systemd[1]: Reached target System Time Synchronized.
[[0;32m  OK  [0m] Reached target System Time Synchronized.
[    6.391405] systemd[1]: Created slice User and Session Slice.
[[0;32m  OK  [0m] Created slice User and Session Slice.
[    6.396348] systemd[1]: Set up automount Arbitrary Executable File Formats File System Automount Point.
[[0;32m  OK  [0m] Set up automount Arbitrary Executab...ats File System Automount Point.
[    6.402861] systemd[1]: Reached target Encrypted Volumes.
[[0;32m  OK  [0m] Reached target Encrypted Volumes.
[    6.407368] systemd[1]: Listening on Journal Socket.
[[0;32m  OK  [0m] Listening on Journal Socket.
[    6.413609] systemd[1]: Started Forward Password Requests to Wall Directory Watch.
[[0;32m  OK  [0m] Started Forward Password Requests to Wall Directory Watch.
[    6.420794] systemd[1]: Listening on udev Kernel Socket.
[[0;32m  OK  [0m] Listening on udev Kernel Socket.
[    6.425063] systemd[1]: Reached target Swap.
[[0;32m  OK  [0m] Reached target Swap.
[    6.428740] systemd[1]: Listening on /dev/initctl Compatibility Named Pipe.
[[0;32m  OK  [0m] Listening on /dev/initctl Compatibility Named Pipe.
[    6.434830] systemd[1]: Listening on LVM2 poll daemon socket.
[[0;32m  OK  [0m] Listening on LVM2 poll daemon socket.
[    6.440949] systemd[1]: Created slice System Slice.
[[0;32m  OK  [0m] Created slice System Slice.
[    6.458442] systemd[1]: Mounting Huge Pages File System...
         Mounting Huge Pages File System...
[    6.466938] systemd[1]: Starting Load Kernel Modules...
         Starting Load Kernel Modules...
[    6.472387] systemd[1]: Reached target Slices.
[[0;32m  OK  [0m] Reached target Slices.
[    6.478176] systemd[1]: Mounting POSIX Message Queue File System...
[    6.485544] Loading iSCSI transport class v2.0-870.
         Mounting POSIX Message Queue File System...
[    6.491978] systemd[1]: Starting Journal Service...
         Starting Journal Service...
[    6.497175] systemd[1]: Starting Monitoring of LVM2 mirrors, snapshots etc. using dmeventd or progress polling...
         Starting Monitoring of LVM2 mirrors... dmeventd or progress polling...
[    6.508798] systemd[1]: Starting Remount Root and Kernel File Systems...
         Starting Remount Root and Kernel File Systems...
[    6.521044] systemd[1]: Starting Create list of required static device nodes for the current kernel...
         Starting Create list of required st... nodes for the current kernel...
[    6.531628] systemd[1]: Created slice system-serial\x2dgetty.slice.
[[0;32m  OK  [0m] Created slice system-serial\x2dg[    6.537368] iscsi: registered transport (tcp)
etty.slice.
[    6.542303] systemd[1]: Mounting Debug File System...
         Mounting Debug File System...
[    6.549359] systemd[1]: Starting Uncomplicated firewall...
[    6.550061] EXT4-fs (sda1): re-mounted. Opts: (null)
         Starting Uncomplicated firewall...
[    6.563107] systemd[1]: Starting Set console keymap...
         Starting Set console keymap...
[    6.574034] systemd[1]: Starting Nameserver information manager...
         Starting Nameserver information manager...
[    6.605332] systemd[1]: Mounted Huge Pages File System.
[[0;32m  OK  [0m] Mounted Huge Pages File System.
[    6.613289] systemd[1]: Mounted POSIX Message Queue File System.
[[0;32m  OK  [0m] Mounted POSIX Message Queue File System.
[    6.617865] systemd[1]: Mounted Debug File System.
[[0;32m  OK  [0m] Mounted Debug File System.
[    6.622602] systemd[1]: Started Journal Service.
[[0;32m  OK  [0m] Started Journal Service.
[[0;32m  OK  [0m] Started Remount Root and Kernel File Systems.
[[0;32m  OK  [0m] Started Create list of required sta...ce nodes for the current kernel.
[[0;32m  OK  [0m] Started Uncomplicated firewall.
[[0;32m  OK  [0m] Started Nameserver information manager.
[    6.668822] iscsi: registered transport (iser)
[[0;32m  OK  [0m] Started Load Kernel Modules.
         Mounting FUSE Control File System...
         Starting Apply Kernel Variables...
[[0;32m  OK  [0m] Started LVM2 metadata daemon.
         Starting Create Static Device Nodes in /dev...
         Starting udev Coldplug all Devices...
         Starting Load/Save Random Seed...
         Starting Flush Journal to Persistent Storage...
[[0;32m  OK  [0m] Mounted FUSE Control File System.
[[0;32m  OK  [0m] Started Set console keymap.
[[0;32m  OK  [0m] Started Apply Kernel Variables.
[[0;32m  OK  [0m] Started Create Static Device Nodes in /dev.
[[0;32m  OK  [0m] Started Load/Save Random Seed.
[[0;32m  OK  [0m] Started Flush Journal to Persistent Storage.
[[0;32m  OK  [0m] Started udev Coldplug all Devices.
         Starting udev Kernel Device Manager...
[[0;32m  OK  [0m] Started udev Kernel Device Manager.
[[0;32m  OK  [0m] Started Dispatch Password Requests to Console Directory Watch.
[[0;32m  OK  [0m] Started Monitoring of LVM2 mirrors,...ng dmeventd or progress polling.
[[0;32m  OK  [0m] Reached target Local File Systems (Pre).
[[0;32m  OK  [0m] Reached target Local File Systems.
         Starting Create Volatile Files and Directories...
         Starting Commit a transient machine-id on disk...
         Starting LSB: AppArmor initialization...
         Starting Tell Plymouth To Write Out Runtime Data...
         Starting Set console font and keymap...
         Starting Initial cloud-init job (pre-networking)...
[[0;32m  OK  [0m] Started Tell Plymouth To Write Out Runtime Data.
[[0;32m  OK  [0m] Started Create Volatile Files and Directories.
[[0;32m  OK  [0m] Started Commit a transient machine-id on disk.
         Starting Update UTMP about System Boot/Shutdown...
[[0;32m  OK  [0m] Started Update UTMP about System Boot/Shutdown.
[[0;32m  OK  [0m] Found device /dev/ttyS0.
[[0;32m  OK  [0m] Listening on Load/Save RF Kill Switch Status /dev/rfkill Watch.
[    9.682344] cloud-init[486]: Cloud-init v. 18.4-0ubuntu1~16.04.2 running 'init-local' at Mon, 21 Oct 2019 01:57:04 +0000. Up 8.81 seconds.
[[0;32m  OK  [0m] Started Initial cloud-init job (pre-networking).
[[0;32m  OK  [0m] Reached target Network (Pre).
[[0;32m  OK  [0m] Started Set console font and keymap.
[[0;32m  OK  [0m] Created slice system-getty.slice.
[[0;32m  OK  [0m] Started LSB: AppArmor initialization.
         Starting Raise network interfaces...
[[0;32m  OK  [0m] Started Raise network interfaces.
[[0;32m  OK  [0m] Reached target Network.
         Starting Initial cloud-init job (metadata service crawler)...
[   14.611191] cloud-init[942]: Cloud-init v. 18.4-0ubuntu1~16.04.2 running 'init' at Mon, 21 Oct 2019 01:57:08 +0000. Up 13.42 seconds.
[   14.615343] cloud-init[942]: ci-info: ++++++++++++++++++++++++++++++++++++++Net device info++++++++++++++++++++++++++++++++++++++
[   14.620002] cloud-init[942]: ci-info: +--------+-------+---------------------------+---------------+--------+-------------------+
[   14.624637] cloud-init[942]: ci-info: | Device |   Up  |          Address          |      Mask     | Scope  |     Hw-Address    |
[   14.628600] cloud-init[942]: ci-info: +--------+-------+---------------------------+---------------+--------+-------------------+
[   14.639079] cloud-init[942]: ci-info: | enp0s3 |  True |         10.0.2.15         | 255.255.255.0 | global | 02:82:01:2e:28:d8 |
[   14.642846] cloud-init[942]: ci-info: | enp0s3 |  True | fe80::82:1ff:fe2e:28d8/64 |       .       |  link  | 02:82:01:2e:28:d8 |
[   14.653120] cloud-init[942]: ci-info: | enp0s8 | False |             .             |       .       |   .    | 08:00:27:9e:22:b9 |
[   14.656977] cloud-init[942]: ci-info: |   lo   |  True |         127.0.0.1         |   255.0.0.0   |  host  |         .         |
[   14.661357] cloud-init[942]: ci-info: |   lo   |  True |          ::1/128          |       .       |  host  |         .         |
[   14.665500] cloud-init[942]: ci-info: +--------+-------+---------------------------+---------------+--------+-------------------+
[   14.669584] cloud-init[942]: ci-info: +++++++++++++++++++++++++++Route IPv4 info++++++++++++++++++++++++++++
[   14.673370] cloud-init[942]: ci-info: +-------+-------------+----------+---------------+-----------+-------+
[   14.676634] cloud-init[942]: ci-info: | Route | Destination | Gateway  |    Genmask    | Interface | Flags |
[   14.680264] cloud-init[942]: ci-info: +-------+-------------+----------+---------------+-----------+-------+
[   14.685185] cloud-init[942]: ci-info: |   0   |   0.0.0.0   | 10.0.2.2 |    0.0.0.0    |   enp0s3  |   UG  |
[   14.696907] cloud-init[942]: ci-info: |   1   |   10.0.2.0  | 0.0.0.0  | 255.255.255.0 |   enp0s3  |   U   |
[   14.701772] cloud-init[942]: ci-info: +-------+-------------+----------+---------------+-----------+-------+
[   14.705407] cloud-init[942]: ci-info: +++++++++++++++++++Route IPv6 info+++++++++++++++++++
[   14.708617] cloud-init[942]: ci-info: +-------+-------------+---------+-----------+-------+
[   14.711696] cloud-init[942]: ci-info: | Route | Destination | Gateway | Interface | Flags |
[   14.715154] cloud-init[942]: ci-info: +-------+-------------+---------+-----------+-------+
[   14.718500] cloud-init[942]: ci-info: |   0   |  fe80::/64  |    ::   |   enp0s3  |   U   |
[   14.722006] cloud-init[942]: ci-info: |   3   |   ff00::/8  |    ::   |   enp0s3  |   U   |
[   14.725701] cloud-init[942]: ci-info: +-------+-------------+---------+-----------+-------+
[   14.728916] cloud-init[942]: Generating public/private rsa key pair.
[   14.732001] cloud-init[942]: Your identification has been saved in /etc/ssh/ssh_host_rsa_key.
[   14.735430] cloud-init[942]: Your public key has been saved in /etc/ssh/ssh_host_rsa_key.pub.
[   14.739064] cloud-init[942]: The key fingerprint is:
[   14.741586] cloud-init[942]: SHA256:UiEcH8CdCoK0SA6SjKwjGqOKoZBvrGpUGmqR1SPP3mY root@ubuntu-xenial
[   14.745354] cloud-init[942]: The key's randomart image is:
[   14.747973] cloud-init[942]: +---[RSA 2048]----+
[   14.750138] cloud-init[942]: |B=  .o++o.       |
[   14.757553] cloud-init[942]: |Xooo.ooooo       |
[   14.759866] cloud-init[942]: |ooo.+...o        |
[   14.762234] cloud-init[942]: |*+ . o..         |
[   14.764866] cloud-init[942]: |=== . o S        |
[   14.767225] cloud-init[942]: |B+   . E         |
[   14.769622] cloud-init[942]: |B+    o          |
[   14.771878] cloud-init[942]: |+.+              |
[   14.774241] cloud-init[942]: |=o               |
[   14.776719] cloud-init[942]: +----[SHA256]-----+
[   14.779011] cloud-init[942]: Generating public/private dsa key pair.
[   14.781956] cloud-init[942]: Your identification has been saved in /etc/ssh/ssh_host_dsa_key.
[   14.785600] cloud-init[942]: Your public key has been saved in /etc/ssh/ssh_host_dsa_key.pub.
[   14.789703] cloud-init[942]: The key fingerprint is:
[   14.792522] cloud-init[942]: SHA256:7Trr79dK0WEXJMUX0hWnF2Et2bSXKtmy6RowQupA9fE root@ubuntu-xenial
[   14.796966] cloud-init[942]: The key's randomart image is:
[   14.799750] cloud-init[942]: +---[DSA 1024]----+
[   14.802433] cloud-init[942]: |   . .       o=&X|
[   14.813251] cloud-init[942]: |  . . o       *+X|
[   14.815769] cloud-init[942]: | .   o E      ++=|
[   14.818343] cloud-init[942]: |.   o    .  oo.+.|
[   14.820522] cloud-init[942]: | . . . oS .+.o.  |
[   14.828798] cloud-init[942]: |  o   . o.  =.   |
[   14.831372] cloud-init[942]: |   .     ..o..   |
[[0;32m  OK  [0m] Started Initial cloud-init job (metadata service crawler).
[[0;32m  OK  [0m] [   14.832385] cloud-init[942]: |        ..o.. .  |
Reached target Network is Online.[   14.836482] cloud-init[942]: |       .+*+o..   |

[   14.838211] cloud-init[942]: +----[SHA256]-----+
[   14.839428] cloud-init[942]: Generating public/private ecdsa key pair.
[   14.840171] cloud-init[942]: Your identification has been saved in /etc/ssh/ssh_host_ecdsa_key.
[   14.844147] cloud-init[942]: Your public key has been saved in /etc/ssh/ssh_host_ecdsa_key.pub.
[   14.845431] cloud-init[942]: The key fingerprint is:
[   14.846295] cloud-init[942]: SHA256:SMiHmo1v3Bqt1nuOGP6C4sjV0Y/cwP4WgSZxFB+tW3k root@ubuntu-xenial
[   14.847797] cloud-init[942]: The key's randomart image is:
[   14.849431] cloud-init[942]: +---[ECDSA 256]---+
[   14.851946] cloud-init[942]: |      .o...      |
[   14.852500] cloud-init[942]: |   . + .. ..     |
[   14.854159] cloud-init[942]: |    + = ... .    |
[   14.854850] cloud-init[942]: |   = +o+ o o E   |
[   14.855736] cloud-init[942]: |  + ..++S + .    |
[   14.856567] cloud-init[942]: |   o.o+ =o       |
[   14.857732] cloud-init[942]: |   o*oo+ o.      |
[   14.859736] cloud-init[942]: |+ ooo*..o.       |
[   14.859852] cloud-init[942]: |o+ .=o++o.       |
[   14.860563] cloud-init[942]: +----[SHA256]-----+
[   14.861310] cloud-init[942]: Generating public/private ed25519 key pair.
[   14.863299] cloud-init[942]: Your identification has been saved in /etc/ssh/ssh_host_ed25519_key.
[   14.864923] cloud-init[942]: Your public key has been saved in /etc/ssh/ssh_host_ed25519_key.pub.
[   14.866496] cloud-init[942]: The key fingerprint is:
[   14.867605] cloud-init[942]: SHA256:2hw8EqjmHKyu/f+tg8NKp1IOlz29m7uW8R6jMLg6V2E root@ubuntu-xenial
[   14.872954] cloud-init[942]: The key's randomart image is:
[   14.875344] cloud-init[942]: +--[ED25519 256]--+
[   14.877930] cloud-init[942]: |                 |
[   14.879867] cloud-init[942]: |     .           |
         Starting iSCSI initiator daemon (iscsid)...[   14.889993] cloud-init[942]: |    . .          |
[   14.890969] cloud-init[942]: | . .  Eo         |
[   14.893470] cloud-init[942]: |  =  +.oS        |

[[0;32m  OK  [0m[   14.895162] cloud-init[942]: | =..+.+=oo       |
] Reached target Cloud-config availability.
[[0;32m  OK  [0m] Reached target System Initialization.
[[0;32m  OK  [0m] Listening on ACPID Listen Socket.
[[0;32m  OK  [0m] Listening on UUID daemon activation socket.
[[0;32m  OK  [0m] Started Daily Cleanup of Temporary Directories.
         Starting Socket activation for snappy daemon.
[[0;32m  OK  [0m] Started Daily apt download activities.
[   14.897418] cloud-init[942]: |. o=oo=oo=o      |
[[   14.911851] [0;32m  OK  [0m] Started ACPI Events Check.
cloud-init[[0;32m  OK  [0m] Reached target Paths.
[942]: |..o.o++o=+.o     |         Starting LXD - unix socket.

[[0;32m  OK  [0m] Listening on D-Bus System Message Bus Socket.
[[0;32m  OK  [0m] Started Daily apt upgrade and clean activities.
[[0;32m  OK  [0m] Reached target Timers.
[   14.922430] [[0;32m  OK  [0m] Listening on Socket activation for snappy daemon.
cloud-init[942]: |o.o*=o.+OBo      |
[   14.933025] [cloud-init[0;32m  OK  [0m[942]: ] +----[SHA256]-----+Listening on LXD - unix socket.

[[0;32m  OK  [0m] Started iSCSI initiator daemon (iscsid).
         Starting Login to default iSCSI targets...
[[0;32m  OK  [0m] Reached target Sockets.
[[0;32m  OK  [0m] Reached target Basic System.
         Starting System Logging Service...
[[0;32m  OK  [0m] Started Unattended Upgrades Shutdown.
[[0;32m  OK  [0m] Started Deferred execution scheduler.
         Starting Accounts Service...
[[0;32m  OK  [0m] Started ACPI event daemon.
[[0;32m  OK  [0m] Started Regular background program processing daemon.
         Starting Pollinate to seed the pseudo random number generator...
         Starting Login Service...
         Starting LSB: Record successful boot for GRUB...
         Starting Snappy daemon...
[[0;32m  OK  [0m] Started FUSE filesystem for LXC.
         Starting LSB: MD monitoring daemon...
         Starting LXD - container startup/shutdown...
         Starting /etc/rc.local Compatibility...
[[0;32m  OK  [0m] Started D-Bus System Message Bus.
         Starting Virtualbox guest utils...
[[0;32m  OK  [0m] Started System Logging Service.
[[0;32m  OK  [0m] Started /etc/rc.local Compatibility.
[[0;32m  OK  [0m] Started Login to default iSCSI targets.
[[0;32m  OK  [0m] Started LXD - container startup/shutdown.
[[0;32m  OK  [0m] Started LSB: MD monitoring daemon.
[[0;32m  OK  [0m] Started LSB: Record successful boot for GRUB.
[[0;32m  OK  [0m] Started Snappy daemon.
[[0;32m  OK  [0m] Started Login Service.
         Starting Authenticate and Authorize Users to Run Privileged Tasks...
         Starting Wait until snapd is fully seeded...
[[0;32m  OK  [0m] Reached target Remote File Systems (Pre).
[[0;32m  OK  [0m] Reached target Remote File Systems.
         Starting LSB: daemon to balance interrupts for SMP systems...
         Starting LSB: automatic crash report generation...
         Starting LSB: Set the CPU Frequency Scaling governor to "ondemand"...
         Starting Permit User Sessions...
[[0;32m  OK  [0m] Started Virtualbox guest utils.
[[0;32m  OK  [0m] Started Permit User Sessions.
         Starting Terminate Plymouth Boot Screen...
         Starting Hold until boot process finishes up...
[[0;32m  OK  [0m] Started LSB: daemon to balance interrupts for SMP systems.
[[0;32m  OK  [0m] Started LSB: Set the CPU Frequency Scaling governor to "ondemand".
[[0;32m  OK  [0m] Started Terminate Plymouth Boot Screen.
[[0;32m  OK  [0m] Started Hold until boot process finishes up.
[[0;32m  OK  [0m] Started Authenticate and Authorize Users to Run Privileged Tasks.
[[0;32m  OK  [0m] Started Accounts Service.
[[0;32m  OK  [0m] Started Getty on tty1.
[[0;32m  OK  [0m] Started Serial Getty on ttyS0.
[[0;32m  OK  [0m] Reached target Login Prompts.
         Starting Set console scheme...
[[0;32m  OK  [0m] Started LSB: automatic crash report generation.
[[0;32m  OK  [0m] Started Set console scheme.
[[0;32m  OK  [0m] Started Pollinate to seed the pseudo random number generator.
         Starting OpenBSD Secure Shell server...
[[0;32m  OK  [0m] Started OpenBSD Secure Shell server.
[[0;32m  OK  [0m] Started Wait until snapd is fully seeded.
[[0;32m  OK  [0m] Reached target Multi-User System.
[[0;32m  OK  [0m] Reached target Graphical Interface.
         Starting Update UTMP about System Runlevel Changes...
         Starting Apply the settings specified in cloud-config...
[[0;32m  OK  [0m] Started Update UTMP about System Runlevel Changes.
[   18.384670] cloud-init[1274]: Generating locales (this might take a while)...
[[0;32m  OK  [0m] Created slice User Slice of vagrant.
         Starting User Manager for UID 1000...
[[0;32m  OK  [0m] Started Session 1 of user vagrant.
[[0;32m  OK  [0m] Started User Manager for UID 1000.
[   21.767232] cloud-init[1274]:   en_US.UTF-8... done
[   21.771546] cloud-init[1274]: Generation complete.

Ubuntu 16.04.5 LTS ubuntu-xenial ttyS0

ubuntu-xenial login: [   22.741976] cloud-init[1274]: Cloud-init v. 18.4-0ubuntu1~16.04.2 running 'modules:config' at Mon, 21 Oct 2019 01:57:13 +0000. Up 18.08 seconds.
ci-info: no authorized ssh keys fingerprints found for user ubuntu.
<14>Oct 21 01:57:19 ec2: 
<14>Oct 21 01:57:19 ec2: #############################################################
<14>Oct 21 01:57:19 ec2: -----BEGIN SSH HOST KEY FINGERPRINTS-----
<14>Oct 21 01:57:19 ec2: 1024 SHA256:7Trr79dK0WEXJMUX0hWnF2Et2bSXKtmy6RowQupA9fE root@ubuntu-xenial (DSA)
<14>Oct 21 01:57:19 ec2: 256 SHA256:SMiHmo1v3Bqt1nuOGP6C4sjV0Y/cwP4WgSZxFB+tW3k root@ubuntu-xenial (ECDSA)
<14>Oct 21 01:57:19 ec2: 256 SHA256:2hw8EqjmHKyu/f+tg8NKp1IOlz29m7uW8R6jMLg6V2E root@ubuntu-xenial (ED25519)
<14>Oct 21 01:57:19 ec2: 2048 SHA256:UiEcH8CdCoK0SA6SjKwjGqOKoZBvrGpUGmqR1SPP3mY root@ubuntu-xenial (RSA)
<14>Oct 21 01:57:19 ec2: -----END SSH HOST KEY FINGERPRINTS-----
<14>Oct 21 01:57:19 ec2: #############################################################
-----BEGIN SSH HOST KEY KEYS-----
ecdsa-sha2-nistp256 AAAAE2VjZHNhLXNoYTItbmlzdHAyNTYAAAAIbmlzdHAyNTYAAABBBBAwbxzaVBBTOpSy3U2f4WWodpAKiffNsZSj4Vk0CVYeuwm3sO1eNlvhKSuUhsaLoJxnoZUO+s4+hIUqZr9YGt0= root@ubuntu-xenial
ssh-ed25519 AAAAC3NzaC1lZDI1NTE5AAAAIDHyCxgrq5ma06+s616Ex5MyuziK9L2UtwDCfYEOaSUU root@ubuntu-xenial
ssh-rsa AAAAB3NzaC1yc2EAAAADAQABAAABAQC4gEfNpiQwqEnGgn+FJQqy/s6VZ8OdjhTN2jEvE8acR+PgLrR0kGEjRF0bo4mlbYMRqGq/Ok1AXYlRlbghwEu8+YohMUDPUqu9jMh9LnS/+uPJnCuDzKluOqs5Pzib9lxhFiRh68onRj5eKyauDyLkH8v5UAQovuy8yoEGxj3rHKcjBq+5+oKNmNKyBXh5IAK1B2H/Oid4sprp12t0sdyTYuZMd1JWAgxoWM9YJBSojJ/aY7KcTr7sKzQ9a5YHB80Yf2GUkerAbZoMkChO5Inn6W+nFIB0LRYBjuMKxoUAagc1zZOS9LNDiQ4Bx/lLanZulyOILqJbggBnwBY7i66n root@ubuntu-xenial
-----END SSH HOST KEY KEYS-----
[   24.054166] cloud-init[1488]: Cloud-init v. 18.4-0ubuntu1~16.04.2 running 'modules:final' at Mon, 21 Oct 2019 01:57:19 +0000. Up 23.71 seconds.
[   24.060855] cloud-init[1488]: ci-info: no authorized ssh keys fingerprints found for user ubuntu.
[   24.063214] cloud-init[1488]: Cloud-init v. 18.4-0ubuntu1~16.04.2 finished at Mon, 21 Oct 2019 01:57:19 +0000. Datasource DataSourceNoCloud [seed=/dev/sdb][dsmode=net].  Up 24.03 seconds
